
Showing logs for build [32mcb-kubecd-environment-pr-120-61-5p486-1[0m stage [32mfrom-build-pack[0m and container [32mstep-credential-initializer-k92s8[0m
{"level":"warn","ts":1577580243.9377532,"logger":"fallback-logger","caller":"logging/config.go:69","msg":"Fetch GitHub commit ID from kodata failed: \"ref: refs/heads/master\" is not a valid GitHub commit ID"}
{"level":"info","ts":1577580243.9387374,"logger":"fallback-logger","caller":"creds-init/main.go:40","msg":"Credentials initialized."}

Showing logs for build [32mcb-kubecd-environment-pr-120-61-5p486-1[0m stage [32mfrom-build-pack[0m and container [32mstep-working-dir-initializer-2hlt9[0m
{"level":"warn","ts":1577580245.3284152,"logger":"fallback-logger","caller":"logging/config.go:69","msg":"Fetch GitHub commit ID from kodata failed: open /var/run/ko/HEAD: no such file or directory"}
{"level":"info","ts":1577580245.3307629,"logger":"fallback-logger","caller":"bash/main.go:65","msg":"Successfully executed command \"mkdir -p /workspace/source\""}

Showing logs for build [32mcb-kubecd-environment-pr-120-61-5p486-1[0m stage [32mfrom-build-pack[0m and container [32mstep-place-tools[0m

Showing logs for build [32mcb-kubecd-environment-pr-120-61-5p486-1[0m stage [32mfrom-build-pack[0m and container [32mstep-git-source-cb-kubecd-environment-pr-120-61-tcfnp[0m
{"level":"warn","ts":1577580250.3884974,"logger":"fallback-logger","caller":"logging/config.go:69","msg":"Fetch GitHub commit ID from kodata failed: \"ref: refs/heads/master\" is not a valid GitHub commit ID"}
{"level":"info","ts":1577580251.525281,"logger":"fallback-logger","caller":"git/git.go:102","msg":"Successfully cloned https://github.com/cb-kubecd/environment-pr-120-61-boot-gke-production.git @ master in path /workspace/source"}

Showing logs for build [32mcb-kubecd-environment-pr-120-61-5p486-1[0m stage [32mfrom-build-pack[0m and container [32mstep-git-merge[0m
Using SHAs from PULL_REFS=master:8245067c2064a9f757422ef70473768d9998e16f,1:d1bb13824cd8ba77fca48113167b5ffbf2fd7fc6
DEBUG: ran git fetch --unshallow origin d1bb13824cd8ba77fca48113167b5ffbf2fd7fc6: 8245067c2064a9f757422ef70473768d9998e16f: in 
DEBUG: ran git checkout master in 
DEBUG: ran git reset --hard 8245067c2064a9f757422ef70473768d9998e16f in 
DEBUG: ran clean --force -d . in 
DEBUG: ran git merge d1bb13824cd8ba77fca48113167b5ffbf2fd7fc6 in 
Merged SHA d1bb13824cd8ba77fca48113167b5ffbf2fd7fc6 with commit message 'chore: Promote bdd-spring-1577579387 to version 0.0.1' into base branch master

Showing logs for build [32mcb-kubecd-environment-pr-120-61-5p486-1[0m stage [32mfrom-build-pack[0m and container [32mstep-build-helm-build[0m
WARNING: No $CHART_REPOSITORY defined so using the default value of: http://jenkins-x-chartmuseum:8080
Adding missing Helm repo: storage.googleapis.com https://storage.googleapis.com/chartmuseum.jenkins-x.io
WARNING: No secrets found on "helm/repos" due: reading the secret "helm/repos" from vault: no secret "helm/repos" not found in vault
Read credentials for https://storage.googleapis.com/chartmuseum.jenkins-x.io from vault helm/repos
Successfully added Helm repository storage.googleapis.com.
Adding missing Helm repo: jenkins-x-chartmuseum http://jenkins-x-chartmuseum:8080
WARNING: No secrets found on "helm/repos" due: reading the secret "helm/repos" from vault: no secret "helm/repos" not found in vault
Read credentials for http://jenkins-x-chartmuseum:8080 from vault helm/repos
Successfully added Helm repository jenkins-x-chartmuseum.
WARNING: No $CHART_REPOSITORY defined so using the default value of: http://jenkins-x-chartmuseum:8080
Adding missing Helm repo: chartmuseum.jenkins-x.io http://chartmuseum.jenkins-x.io
WARNING: No secrets found on "helm/repos" due: reading the secret "helm/repos" from vault: no secret "helm/repos" not found in vault
Read credentials for http://chartmuseum.jenkins-x.io from vault helm/repos
Successfully added Helm repository chartmuseum.jenkins-x.io.
